<?xml version="1.0" encoding="UTF-8" standalone="yes"?><!DOCTYPE report PUBLIC "-//JACOCO//DTD Report 1.1//EN" "report.dtd"><report name="Practica_Final_LDH"><sessioninfo id="DESKTOP-B52C47F-4dd7eaf3" start="1609326778894" dump="1609326782158"/><sessioninfo id="DESKTOP-B52C47F-33e3950b" start="1609326853820" dump="1609326854892"/><sessioninfo id="DESKTOP-B52C47F-1e541aa9" start="1609327280536" dump="1609327281496"/><sessioninfo id="DESKTOP-B52C47F-9c161103" start="1609328100686" dump="1609328101988"/><sessioninfo id="DESKTOP-B52C47F-426394f4" start="1609328160125" dump="1609328161388"/><sessioninfo id="DESKTOP-B52C47F-9d85dae4" start="1609328255677" dump="1609328257016"/><sessioninfo id="DESKTOP-B52C47F-56028cb9" start="1609328268259" dump="1609328269250"/><sessioninfo id="DESKTOP-B52C47F-b12523b7" start="1609328328543" dump="1609328329776"/><sessioninfo id="DESKTOP-B52C47F-36efd051" start="1609328470118" dump="1609328471402"/><sessioninfo id="DESKTOP-B52C47F-f7af9829" start="1609328856189" dump="1609328857465"/><sessioninfo id="DESKTOP-B52C47F-ca0b6c6a" start="1609328875920" dump="1609328877098"/><sessioninfo id="DESKTOP-B52C47F-441f8e57" start="1609329018457" dump="1609329019960"/><sessioninfo id="DESKTOP-B52C47F-f678416a" start="1609329296416" dump="1609329297662"/><sessioninfo id="DESKTOP-B52C47F-af73272f" start="1609329363473" dump="1609329365005"/><sessioninfo id="DESKTOP-B52C47F-4be02911" start="1609329406354" dump="1609329407687"/><sessioninfo id="DESKTOP-B52C47F-f4d7ae02" start="1609329601578" dump="1609329603006"/><sessioninfo id="DESKTOP-B52C47F-8c9fa8fb" start="1609329899764" dump="1609329901221"/><sessioninfo id="DESKTOP-B52C47F-85079f2c" start="1609329969629" dump="1609329971032"/><sessioninfo id="DESKTOP-B52C47F-b58dda80" start="1609331401115" dump="1609331406333"/><sessioninfo id="DESKTOP-B52C47F-1c00a359" start="1609331499896" dump="1609331503957"/><sessioninfo id="DESKTOP-B52C47F-125f2604" start="1609332037011" dump="1609332040046"/><sessioninfo id="DESKTOP-B52C47F-4df59971" start="1609585895071" dump="1609585911215"/><sessioninfo id="DESKTOP-B52C47F-821c4e99" start="1609586047419" dump="1609586050924"/><sessioninfo id="DESKTOP-B52C47F-515b5b0c" start="1609586085426" dump="1609586088216"/><sessioninfo id="DESKTOP-B52C47F-96fcf3e4" start="1609586343688" dump="1609586346393"/><sessioninfo id="DESKTOP-R52MFH5-1ab47bf4" start="1609588757179" dump="1609588760226"/><sessioninfo id="DESKTOP-R52MFH5-c96d05ad" start="1609592831463" dump="1609592836959"/><sessioninfo id="DESKTOP-R52MFH5-2dc70c43" start="1609593409942" dump="1609593421366"/><sessioninfo id="DESKTOP-R52MFH5-57d27c15" start="1609593717734" dump="1609593729372"/><sessioninfo id="DESKTOP-R52MFH5-bfdc12eb" start="1609594008912" dump="1609594025831"/><sessioninfo id="DESKTOP-R52MFH5-c6fa441e" start="1609594604734" dump="1609594611606"/><sessioninfo id="DESKTOP-R52MFH5-66eef0c3" start="1609704119520" dump="1609704130588"/><sessioninfo id="DESKTOP-R52MFH5-3d7b27de" start="1609704731091" dump="1609704739124"/><package name="Objetos"><class name="Objetos/Casa" sourcefilename="Casa.java"><method name="&lt;init&gt;" desc="(II)V" line="29"><counter type="INSTRUCTION" missed="0" covered="14"/><counter type="LINE" missed="0" covered="5"/><counter type="COMPLEXITY" missed="0" covered="1"/><counter type="METHOD" missed="0" covered="1"/></method><method name="getAncho" desc="()I" line="43"><counter type="INSTRUCTION" missed="0" covered="3"/><counter type="LINE" missed="0" covered="1"/><counter type="COMPLEXITY" missed="0" covered="1"/><counter type="METHOD" missed="0" covered="1"/></method><method name="getLargo" desc="()I" line="54"><counter type="INSTRUCTION" missed="0" covered="3"/><counter type="LINE" missed="0" covered="1"/><counter type="COMPLEXITY" missed="0" covered="1"/><counter type="METHOD" missed="0" covered="1"/></method><method name="agregar_objeto" desc="(LObjetos/Objeto_Casa;)V" line="67"><counter type="INSTRUCTION" missed="0" covered="12"/><counter type="LINE" missed="0" covered="3"/><counter type="COMPLEXITY" missed="0" covered="1"/><counter type="METHOD" missed="0" covered="1"/></method><method name="eliminar_objeto" desc="(LObjetos/Objeto_Casa;)Z" line="82"><counter type="INSTRUCTION" missed="2" covered="26"/><counter type="BRANCH" missed="1" covered="3"/><counter type="LINE" missed="0" covered="5"/><counter type="COMPLEXITY" missed="1" covered="2"/><counter type="METHOD" missed="0" covered="1"/></method><method name="eliminar_objetos" desc="(Ljava/util/List;)Z" line="92"><counter type="INSTRUCTION" missed="0" covered="38"/><counter type="BRANCH" missed="0" covered="6"/><counter type="LINE" missed="0" covered="8"/><counter type="COMPLEXITY" missed="0" covered="4"/><counter type="METHOD" missed="0" covered="1"/></method><method name="actualizar_objeto" desc="(LObjetos/Objeto_Casa;)Z" line="104"><counter type="INSTRUCTION" missed="0" covered="25"/><counter type="BRANCH" missed="0" covered="4"/><counter type="LINE" missed="0" covered="6"/><counter type="COMPLEXITY" missed="0" covered="3"/><counter type="METHOD" missed="0" covered="1"/></method><method name="mostrar_objeto" desc="(I)[Ljava/lang/String;" line="114"><counter type="INSTRUCTION" missed="0" covered="25"/><counter type="BRANCH" missed="0" covered="2"/><counter type="LINE" missed="0" covered="4"/><counter type="COMPLEXITY" missed="0" covered="2"/><counter type="METHOD" missed="0" covered="1"/></method><counter type="INSTRUCTION" missed="2" covered="146"/><counter type="BRANCH" missed="1" covered="15"/><counter type="LINE" missed="0" covered="33"/><counter type="COMPLEXITY" missed="1" covered="15"/><counter type="METHOD" missed="0" covered="8"/><counter type="CLASS" missed="0" covered="1"/></class><class name="Objetos/Ruta" sourcefilename="Ruta.java"><method name="&lt;init&gt;" desc="()V" line="15"><counter type="INSTRUCTION" missed="0" covered="15"/><counter type="LINE" missed="0" covered="6"/><counter type="COMPLEXITY" missed="0" covered="1"/><counter type="METHOD" missed="0" covered="1"/></method><method name="&lt;init&gt;" desc="(LObjetos/Casa;)V" line="39"><counter type="INSTRUCTION" missed="0" covered="6"/><counter type="LINE" missed="0" covered="3"/><counter type="COMPLEXITY" missed="0" covered="1"/><counter type="METHOD" missed="0" covered="1"/></method><method name="calcular_pos_actual" desc="(II)V" line="62"><counter type="INSTRUCTION" missed="0" covered="120"/><counter type="BRANCH" missed="3" covered="15"/><counter type="LINE" missed="0" covered="21"/><counter type="COMPLEXITY" missed="3" covered="7"/><counter type="METHOD" missed="0" covered="1"/></method><method name="get_pos_x" desc="()I" line="99"><counter type="INSTRUCTION" missed="0" covered="3"/><counter type="LINE" missed="0" covered="1"/><counter type="COMPLEXITY" missed="0" covered="1"/><counter type="METHOD" missed="0" covered="1"/></method><method name="get_pos_y" desc="()I" line="109"><counter type="INSTRUCTION" missed="0" covered="3"/><counter type="LINE" missed="0" covered="1"/><counter type="COMPLEXITY" missed="0" covered="1"/><counter type="METHOD" missed="0" covered="1"/></method><counter type="INSTRUCTION" missed="0" covered="147"/><counter type="BRANCH" missed="3" covered="15"/><counter type="LINE" missed="0" covered="32"/><counter type="COMPLEXITY" missed="3" covered="11"/><counter type="METHOD" missed="0" covered="5"/><counter type="CLASS" missed="0" covered="1"/></class><class name="Objetos/Objeto_Casa" sourcefilename="Objeto_Casa.java"><method name="&lt;init&gt;" desc="(Ljava/lang/String;Ljava/lang/String;Ljava/lang/String;Ljava/lang/String;LObjetos/Casa;)V" line="28"><counter type="INSTRUCTION" missed="5" covered="26"/><counter type="LINE" missed="2" covered="9"/><counter type="COMPLEXITY" missed="0" covered="1"/><counter type="METHOD" missed="0" covered="1"/></method><method name="setObjeto" desc="(LObjetos/Objeto_Casa;)V" line="51"><counter type="INSTRUCTION" missed="0" covered="17"/><counter type="LINE" missed="0" covered="5"/><counter type="COMPLEXITY" missed="0" covered="1"/><counter type="METHOD" missed="0" covered="1"/></method><method name="getID" desc="()Ljava/lang/String;" line="63"><counter type="INSTRUCTION" missed="0" covered="3"/><counter type="LINE" missed="0" covered="1"/><counter type="COMPLEXITY" missed="0" covered="1"/><counter type="METHOD" missed="0" covered="1"/></method><method name="getMarca" desc="()Ljava/lang/String;" line="72"><counter type="INSTRUCTION" missed="0" covered="3"/><counter type="LINE" missed="0" covered="1"/><counter type="COMPLEXITY" missed="0" covered="1"/><counter type="METHOD" missed="0" covered="1"/></method><method name="getModelo" desc="()Ljava/lang/String;" line="82"><counter type="INSTRUCTION" missed="0" covered="3"/><counter type="LINE" missed="0" covered="1"/><counter type="COMPLEXITY" missed="0" covered="1"/><counter type="METHOD" missed="0" covered="1"/></method><method name="getValor" desc="()Ljava/lang/String;" line="92"><counter type="INSTRUCTION" missed="0" covered="3"/><counter type="LINE" missed="0" covered="1"/><counter type="COMPLEXITY" missed="0" covered="1"/><counter type="METHOD" missed="0" covered="1"/></method><method name="getRuta" desc="()LObjetos/Ruta;" line="102"><counter type="INSTRUCTION" missed="0" covered="3"/><counter type="LINE" missed="0" covered="1"/><counter type="COMPLEXITY" missed="0" covered="1"/><counter type="METHOD" missed="0" covered="1"/></method><method name="calculate_next_pos" desc="(II)V" line="115"><counter type="INSTRUCTION" missed="0" covered="6"/><counter type="LINE" missed="0" covered="2"/><counter type="COMPLEXITY" missed="0" covered="1"/><counter type="METHOD" missed="0" covered="1"/></method><method name="getInfo" desc="()[Ljava/lang/String;" line="127"><counter type="INSTRUCTION" missed="0" covered="41"/><counter type="LINE" missed="0" covered="4"/><counter type="COMPLEXITY" missed="0" covered="1"/><counter type="METHOD" missed="0" covered="1"/></method><method name="toString" desc="()Ljava/lang/String;" line="142"><counter type="INSTRUCTION" missed="0" covered="15"/><counter type="LINE" missed="0" covered="1"/><counter type="COMPLEXITY" missed="0" covered="1"/><counter type="METHOD" missed="0" covered="1"/></method><counter type="INSTRUCTION" missed="5" covered="120"/><counter type="LINE" missed="2" covered="26"/><counter type="COMPLEXITY" missed="0" covered="10"/><counter type="METHOD" missed="0" covered="10"/><counter type="CLASS" missed="0" covered="1"/></class><sourcefile name="Objeto_Casa.java"><line nr="28" mi="0" ci="2" mb="0" cb="0"/><line nr="29" mi="0" ci="3" mb="0" cb="0"/><line nr="30" mi="0" ci="3" mb="0" cb="0"/><line nr="31" mi="0" ci="3" mb="0" cb="0"/><line nr="32" mi="0" ci="3" mb="0" cb="0"/><line nr="34" mi="0" ci="4" mb="0" cb="0"/><line nr="37" mi="0" ci="6" mb="0" cb="0"/><line nr="38" mi="1" ci="0" mb="0" cb="0"/><line nr="39" mi="4" ci="0" mb="0" cb="0"/><line nr="40" mi="0" ci="1" mb="0" cb="0"/><line nr="41" mi="0" ci="1" mb="0" cb="0"/><line nr="51" mi="0" ci="4" mb="0" cb="0"/><line nr="52" mi="0" ci="4" mb="0" cb="0"/><line nr="53" mi="0" ci="4" mb="0" cb="0"/><line nr="54" mi="0" ci="4" mb="0" cb="0"/><line nr="55" mi="0" ci="1" mb="0" cb="0"/><line nr="63" mi="0" ci="3" mb="0" cb="0"/><line nr="72" mi="0" ci="3" mb="0" cb="0"/><line nr="82" mi="0" ci="3" mb="0" cb="0"/><line nr="92" mi="0" ci="3" mb="0" cb="0"/><line nr="102" mi="0" ci="3" mb="0" cb="0"/><line nr="115" mi="0" ci="5" mb="0" cb="0"/><line nr="116" mi="0" ci="1" mb="0" cb="0"/><line nr="127" mi="0" ci="4" mb="0" cb="0"/><line nr="128" mi="0" ci="4" mb="0" cb="0"/><line nr="130" mi="0" ci="21" mb="0" cb="0"/><line nr="131" mi="0" ci="12" mb="0" cb="0"/><line nr="142" mi="0" ci="15" mb="0" cb="0"/><counter type="INSTRUCTION" missed="5" covered="120"/><counter type="LINE" missed="2" covered="26"/><counter type="COMPLEXITY" missed="0" covered="10"/><counter type="METHOD" missed="0" covered="10"/><counter type="CLASS" missed="0" covered="1"/></sourcefile><sourcefile name="Ruta.java"><line nr="15" mi="0" ci="3" mb="0" cb="0"/><line nr="16" mi="0" ci="3" mb="0" cb="0"/><line nr="26" mi="0" ci="2" mb="0" cb="0"/><line nr="27" mi="0" ci="3" mb="0" cb="0"/><line nr="28" mi="0" ci="3" mb="0" cb="0"/><line nr="29" mi="0" ci="1" mb="0" cb="0"/><line nr="39" mi="0" ci="2" mb="0" cb="0"/><line nr="40" mi="0" ci="3" mb="0" cb="0"/><line nr="41" mi="0" ci="1" mb="0" cb="0"/><line nr="62" mi="0" ci="6" mb="1" cb="3"/><line nr="64" mi="0" ci="3" mb="0" cb="0"/><line nr="65" mi="0" ci="3" mb="0" cb="0"/><line nr="67" mi="0" ci="5" mb="0" cb="0"/><line nr="69" mi="0" ci="4" mb="0" cb="2"/><line nr="70" mi="0" ci="7" mb="0" cb="0"/><line nr="71" mi="0" ci="8" mb="0" cb="0"/><line nr="72" mi="0" ci="4" mb="0" cb="2"/><line nr="73" mi="0" ci="7" mb="0" cb="0"/><line nr="74" mi="0" ci="8" mb="0" cb="0"/><line nr="75" mi="0" ci="4" mb="0" cb="2"/><line nr="76" mi="0" ci="7" mb="0" cb="0"/><line nr="77" mi="0" ci="8" mb="0" cb="0"/><line nr="79" mi="0" ci="7" mb="0" cb="0"/><line nr="80" mi="0" ci="7" mb="0" cb="0"/><line nr="82" mi="0" ci="15" mb="2" cb="6"/><line nr="85" mi="0" ci="5" mb="0" cb="0"/><line nr="86" mi="0" ci="5" mb="0" cb="0"/><line nr="89" mi="0" ci="3" mb="0" cb="0"/><line nr="90" mi="0" ci="3" mb="0" cb="0"/><line nr="91" mi="0" ci="1" mb="0" cb="0"/><line nr="99" mi="0" ci="3" mb="0" cb="0"/><line nr="109" mi="0" ci="3" mb="0" cb="0"/><counter type="INSTRUCTION" missed="0" covered="147"/><counter type="BRANCH" missed="3" covered="15"/><counter type="LINE" missed="0" covered="32"/><counter type="COMPLEXITY" missed="3" covered="11"/><counter type="METHOD" missed="0" covered="5"/><counter type="CLASS" missed="0" covered="1"/></sourcefile><sourcefile name="Casa.java"><line nr="29" mi="0" ci="2" mb="0" cb="0"/><line nr="30" mi="0" ci="5" mb="0" cb="0"/><line nr="31" mi="0" ci="3" mb="0" cb="0"/><line nr="32" mi="0" ci="3" mb="0" cb="0"/><line nr="33" mi="0" ci="1" mb="0" cb="0"/><line nr="43" mi="0" ci="3" mb="0" cb="0"/><line nr="54" mi="0" ci="3" mb="0" cb="0"/><line nr="67" mi="0" ci="6" mb="0" cb="0"/><line nr="68" mi="0" ci="5" mb="0" cb="0"/><line nr="69" mi="0" ci="1" mb="0" cb="0"/><line nr="82" mi="2" ci="7" mb="0" cb="2"/><line nr="83" mi="0" ci="10" mb="1" cb="1"/><line nr="84" mi="0" ci="5" mb="0" cb="0"/><line nr="85" mi="0" ci="2" mb="0" cb="0"/><line nr="88" mi="0" ci="2" mb="0" cb="0"/><line nr="92" mi="0" ci="10" mb="0" cb="2"/><line nr="93" mi="0" ci="11" mb="0" cb="2"/><line nr="94" mi="0" ci="6" mb="0" cb="2"/><line nr="95" mi="0" ci="5" mb="0" cb="0"/><line nr="96" mi="0" ci="2" mb="0" cb="0"/><line nr="98" mi="0" ci="1" mb="0" cb="0"/><line nr="99" mi="0" ci="1" mb="0" cb="0"/><line nr="100" mi="0" ci="2" mb="0" cb="0"/><line nr="104" mi="0" ci="11" mb="0" cb="2"/><line nr="105" mi="0" ci="6" mb="0" cb="2"/><line nr="106" mi="0" ci="3" mb="0" cb="0"/><line nr="107" mi="0" ci="2" mb="0" cb="0"/><line nr="109" mi="0" ci="1" mb="0" cb="0"/><line nr="110" mi="0" ci="2" mb="0" cb="0"/><line nr="114" mi="0" ci="11" mb="0" cb="2"/><line nr="115" mi="0" ci="6" mb="0" cb="0"/><line nr="116" mi="0" ci="1" mb="0" cb="0"/><line nr="117" mi="0" ci="7" mb="0" cb="0"/><counter type="INSTRUCTION" missed="2" covered="146"/><counter type="BRANCH" missed="1" covered="15"/><counter type="LINE" missed="0" covered="33"/><counter type="COMPLEXITY" missed="1" covered="15"/><counter type="METHOD" missed="0" covered="8"/><counter type="CLASS" missed="0" covered="1"/></sourcefile><counter type="INSTRUCTION" missed="7" covered="413"/><counter type="BRANCH" missed="4" covered="30"/><counter type="LINE" missed="2" covered="91"/><counter type="COMPLEXITY" missed="4" covered="36"/><counter type="METHOD" missed="0" covered="23"/><counter type="CLASS" missed="0" covered="3"/></package><package name="Ejecutar"><class name="Ejecutar/VentanaPrincipal" sourcefilename="VentanaPrincipal.java"><method name="main" desc="([Ljava/lang/String;)V" line="79"><counter type="INSTRUCTION" missed="10" covered="0"/><counter type="LINE" missed="3" covered="0"/><counter type="COMPLEXITY" missed="1" covered="0"/><counter type="METHOD" missed="1" covered="0"/></method><method name="&lt;init&gt;" desc="()V" line="73"><counter type="INSTRUCTION" missed="0" covered="72"/><counter type="LINE" missed="0" covered="15"/><counter type="COMPLEXITY" missed="0" covered="1"/><counter type="METHOD" missed="0" covered="1"/></method><method name="getPnObjetos" desc="()Ljavax/swing/JPanel;" line="126"><counter type="INSTRUCTION" missed="0" covered="183"/><counter type="BRANCH" missed="1" covered="1"/><counter type="LINE" missed="0" covered="27"/><counter type="COMPLEXITY" missed="1" covered="1"/><counter type="METHOD" missed="0" covered="1"/></method><method name="getPnLocalizacion" desc="()Ljavax/swing/JPanel;" line="163"><counter type="INSTRUCTION" missed="0" covered="37"/><counter type="BRANCH" missed="1" covered="1"/><counter type="LINE" missed="0" covered="7"/><counter type="COMPLEXITY" missed="1" covered="1"/><counter type="METHOD" missed="0" covered="1"/></method><method name="getLbListaObjetos" desc="()Ljavax/swing/JLabel;" line="180"><counter type="INSTRUCTION" missed="0" covered="25"/><counter type="BRANCH" missed="1" covered="1"/><counter type="LINE" missed="0" covered="5"/><counter type="COMPLEXITY" missed="1" covered="1"/><counter type="METHOD" missed="0" covered="1"/></method><method name="getScrollPaneListaObjetos" desc="()Ljavax/swing/JScrollPane;" line="195"><counter type="INSTRUCTION" missed="0" covered="30"/><counter type="BRANCH" missed="1" covered="1"/><counter type="LINE" missed="0" covered="6"/><counter type="COMPLEXITY" missed="1" covered="1"/><counter type="METHOD" missed="0" covered="1"/></method><method name="getListObjetos" desc="()Ljavax/swing/JList;" line="214"><counter type="INSTRUCTION" missed="0" covered="32"/><counter type="BRANCH" missed="1" covered="1"/><counter type="LINE" missed="0" covered="7"/><counter type="COMPLEXITY" missed="1" covered="1"/><counter type="METHOD" missed="0" covered="1"/></method><method name="getPnBotones" desc="()Ljavax/swing/JPanel;" line="236"><counter type="INSTRUCTION" missed="0" covered="33"/><counter type="BRANCH" missed="1" covered="1"/><counter type="LINE" missed="0" covered="6"/><counter type="COMPLEXITY" missed="1" covered="1"/><counter type="METHOD" missed="0" covered="1"/></method><method name="getPnBtInferior" desc="()Ljavax/swing/JPanel;" line="252"><counter type="INSTRUCTION" missed="0" covered="23"/><counter type="BRANCH" missed="1" covered="1"/><counter type="LINE" missed="0" covered="5"/><counter type="COMPLEXITY" missed="1" covered="1"/><counter type="METHOD" missed="0" covered="1"/></method><method name="getBtRecuperar" desc="()Ljavax/swing/JButton;" line="270"><counter type="INSTRUCTION" missed="0" covered="19"/><counter type="BRANCH" missed="1" covered="1"/><counter type="LINE" missed="0" covered="4"/><counter type="COMPLEXITY" missed="1" covered="1"/><counter type="METHOD" missed="0" covered="1"/></method><method name="recuperarObjeto" desc="(LObjetos/Objeto_Casa;)V" line="306"><counter type="INSTRUCTION" missed="0" covered="19"/><counter type="BRANCH" missed="0" covered="2"/><counter type="LINE" missed="0" covered="5"/><counter type="COMPLEXITY" missed="0" covered="2"/><counter type="METHOD" missed="0" covered="1"/></method><method name="getBtGuardar" desc="()Ljavax/swing/JButton;" line="324"><counter type="INSTRUCTION" missed="0" covered="19"/><counter type="BRANCH" missed="1" covered="1"/><counter type="LINE" missed="0" covered="4"/><counter type="COMPLEXITY" missed="1" covered="1"/><counter type="METHOD" missed="0" covered="1"/></method><method name="getPnBtSuperior" desc="()Ljavax/swing/JPanel;" line="359"><counter type="INSTRUCTION" missed="0" covered="29"/><counter type="BRANCH" missed="1" covered="1"/><counter type="LINE" missed="0" covered="6"/><counter type="COMPLEXITY" missed="1" covered="1"/><counter type="METHOD" missed="0" covered="1"/></method><method name="getBtCrear" desc="()Ljavax/swing/JButton;" line="377"><counter type="INSTRUCTION" missed="0" covered="19"/><counter type="BRANCH" missed="1" covered="1"/><counter type="LINE" missed="0" covered="4"/><counter type="COMPLEXITY" missed="1" covered="1"/><counter type="METHOD" missed="0" covered="1"/></method><method name="doesItContain" desc="(LObjetos/Objeto_Casa;Ljavax/swing/DefaultListModel;)Z" line="416"><counter type="INSTRUCTION" missed="2" covered="19"/><counter type="BRANCH" missed="1" covered="3"/><counter type="LINE" missed="0" covered="4"/><counter type="COMPLEXITY" missed="1" covered="2"/><counter type="METHOD" missed="0" covered="1"/></method><method name="getBtActualizar" desc="()Ljavax/swing/JButton;" line="435"><counter type="INSTRUCTION" missed="0" covered="19"/><counter type="BRANCH" missed="1" covered="1"/><counter type="LINE" missed="0" covered="4"/><counter type="COMPLEXITY" missed="1" covered="1"/><counter type="METHOD" missed="0" covered="1"/></method><method name="actualizarValores" desc="(LObjetos/Objeto_Casa;)V" line="462"><counter type="INSTRUCTION" missed="0" covered="59"/><counter type="LINE" missed="0" covered="14"/><counter type="COMPLEXITY" missed="0" covered="1"/><counter type="METHOD" missed="0" covered="1"/></method><method name="getBtEliminar" desc="()Ljavax/swing/JButton;" line="491"><counter type="INSTRUCTION" missed="0" covered="19"/><counter type="BRANCH" missed="1" covered="1"/><counter type="LINE" missed="0" covered="4"/><counter type="COMPLEXITY" missed="1" covered="1"/><counter type="METHOD" missed="0" covered="1"/></method><method name="vaciarCampos" desc="()V" line="517"><counter type="INSTRUCTION" missed="0" covered="25"/><counter type="LINE" missed="0" covered="7"/><counter type="COMPLEXITY" missed="0" covered="1"/><counter type="METHOD" missed="0" covered="1"/></method><method name="getLbInformacionObjetos" desc="()Ljavax/swing/JLabel;" line="532"><counter type="INSTRUCTION" missed="0" covered="25"/><counter type="BRANCH" missed="1" covered="1"/><counter type="LINE" missed="0" covered="5"/><counter type="COMPLEXITY" missed="1" covered="1"/><counter type="METHOD" missed="0" covered="1"/></method><method name="getPnCampos" desc="()Ljavax/swing/JPanel;" line="547"><counter type="INSTRUCTION" missed="0" covered="382"/><counter type="BRANCH" missed="1" covered="1"/><counter type="LINE" missed="0" covered="69"/><counter type="COMPLEXITY" missed="1" covered="1"/><counter type="METHOD" missed="0" covered="1"/></method><method name="getPnPosiciones" desc="()Ljavax/swing/JPanel;" line="626"><counter type="INSTRUCTION" missed="0" covered="188"/><counter type="BRANCH" missed="1" covered="1"/><counter type="LINE" missed="0" covered="30"/><counter type="COMPLEXITY" missed="1" covered="1"/><counter type="METHOD" missed="0" covered="1"/></method><method name="getLbId" desc="()Ljavax/swing/JLabel;" line="666"><counter type="INSTRUCTION" missed="0" covered="25"/><counter type="BRANCH" missed="1" covered="1"/><counter type="LINE" missed="0" covered="5"/><counter type="COMPLEXITY" missed="1" covered="1"/><counter type="METHOD" missed="0" covered="1"/></method><method name="getTxId" desc="()Ljavax/swing/JTextField;" line="681"><counter type="INSTRUCTION" missed="0" covered="15"/><counter type="BRANCH" missed="0" covered="2"/><counter type="LINE" missed="0" covered="4"/><counter type="COMPLEXITY" missed="0" covered="2"/><counter type="METHOD" missed="0" covered="1"/></method><method name="getLbMarca" desc="()Ljavax/swing/JLabel;" line="695"><counter type="INSTRUCTION" missed="0" covered="25"/><counter type="BRANCH" missed="1" covered="1"/><counter type="LINE" missed="0" covered="5"/><counter type="COMPLEXITY" missed="1" covered="1"/><counter type="METHOD" missed="0" covered="1"/></method><method name="getTxMarca" desc="()Ljavax/swing/JTextField;" line="710"><counter type="INSTRUCTION" missed="0" covered="24"/><counter type="BRANCH" missed="0" covered="2"/><counter type="LINE" missed="0" covered="5"/><counter type="COMPLEXITY" missed="0" covered="2"/><counter type="METHOD" missed="0" covered="1"/></method><method name="getLbModelo" desc="()Ljavax/swing/JLabel;" line="725"><counter type="INSTRUCTION" missed="0" covered="25"/><counter type="BRANCH" missed="1" covered="1"/><counter type="LINE" missed="0" covered="5"/><counter type="COMPLEXITY" missed="1" covered="1"/><counter type="METHOD" missed="0" covered="1"/></method><method name="getTxModelo" desc="()Ljavax/swing/JTextField;" line="740"><counter type="INSTRUCTION" missed="0" covered="15"/><counter type="BRANCH" missed="0" covered="2"/><counter type="LINE" missed="0" covered="4"/><counter type="COMPLEXITY" missed="0" covered="2"/><counter type="METHOD" missed="0" covered="1"/></method><method name="getLbValor" desc="()Ljavax/swing/JLabel;" line="754"><counter type="INSTRUCTION" missed="0" covered="25"/><counter type="BRANCH" missed="1" covered="1"/><counter type="LINE" missed="0" covered="5"/><counter type="COMPLEXITY" missed="1" covered="1"/><counter type="METHOD" missed="0" covered="1"/></method><method name="getTxValor" desc="()Ljavax/swing/JTextField;" line="769"><counter type="INSTRUCTION" missed="0" covered="15"/><counter type="BRANCH" missed="0" covered="2"/><counter type="LINE" missed="0" covered="4"/><counter type="COMPLEXITY" missed="0" covered="2"/><counter type="METHOD" missed="0" covered="1"/></method><method name="getChckbxEditar" desc="()Ljavax/swing/JCheckBox;" line="783"><counter type="INSTRUCTION" missed="0" covered="27"/><counter type="BRANCH" missed="0" covered="2"/><counter type="LINE" missed="0" covered="6"/><counter type="COMPLEXITY" missed="0" covered="2"/><counter type="METHOD" missed="0" covered="1"/></method><method name="getSeparator" desc="()Ljavax/swing/JSeparator;" line="807"><counter type="INSTRUCTION" missed="0" covered="15"/><counter type="BRANCH" missed="1" covered="1"/><counter type="LINE" missed="0" covered="4"/><counter type="COMPLEXITY" missed="1" covered="1"/><counter type="METHOD" missed="0" covered="1"/></method><method name="getLbPosicionX" desc="()Ljavax/swing/JLabel;" line="821"><counter type="INSTRUCTION" missed="0" covered="25"/><counter type="BRANCH" missed="1" covered="1"/><counter type="LINE" missed="0" covered="5"/><counter type="COMPLEXITY" missed="1" covered="1"/><counter type="METHOD" missed="0" covered="1"/></method><method name="getTxPosicionX" desc="()Ljavax/swing/JTextField;" line="836"><counter type="INSTRUCTION" missed="0" covered="23"/><counter type="BRANCH" missed="0" covered="2"/><counter type="LINE" missed="0" covered="6"/><counter type="COMPLEXITY" missed="0" covered="2"/><counter type="METHOD" missed="0" covered="1"/></method><method name="getLbPosicionY" desc="()Ljavax/swing/JLabel;" line="852"><counter type="INSTRUCTION" missed="0" covered="25"/><counter type="BRANCH" missed="1" covered="1"/><counter type="LINE" missed="0" covered="5"/><counter type="COMPLEXITY" missed="1" covered="1"/><counter type="METHOD" missed="0" covered="1"/></method><method name="getTxPosicionY" desc="()Ljavax/swing/JTextField;" line="867"><counter type="INSTRUCTION" missed="0" covered="23"/><counter type="BRANCH" missed="0" covered="2"/><counter type="LINE" missed="0" covered="6"/><counter type="COMPLEXITY" missed="0" covered="2"/><counter type="METHOD" missed="0" covered="1"/></method><method name="getReferenciaThis" desc="()LEjecutar/VentanaPrincipal;" line="883"><counter type="INSTRUCTION" missed="0" covered="2"/><counter type="LINE" missed="0" covered="1"/><counter type="COMPLEXITY" missed="0" covered="1"/><counter type="METHOD" missed="0" covered="1"/></method><counter type="INSTRUCTION" missed="12" covered="1585"/><counter type="BRANCH" missed="24" covered="42"/><counter type="LINE" missed="3" covered="308"/><counter type="COMPLEXITY" missed="25" covered="45"/><counter type="METHOD" missed="1" covered="36"/><counter type="CLASS" missed="0" covered="1"/></class><class name="Ejecutar/VentanaPrincipal$4" sourcefilename="VentanaPrincipal.java"><method name="&lt;init&gt;" desc="(LEjecutar/VentanaPrincipal;)V" line="326"><counter type="INSTRUCTION" missed="0" covered="6"/><counter type="LINE" missed="0" covered="1"/><counter type="COMPLEXITY" missed="0" covered="1"/><counter type="METHOD" missed="0" covered="1"/></method><method name="actionPerformed" desc="(Ljava/awt/event/ActionEvent;)V" line="328"><counter type="INSTRUCTION" missed="57" covered="6"/><counter type="BRANCH" missed="5" covered="1"/><counter type="LINE" missed="9" covered="2"/><counter type="COMPLEXITY" missed="3" covered="1"/><counter type="METHOD" missed="0" covered="1"/></method><counter type="INSTRUCTION" missed="57" covered="12"/><counter type="BRANCH" missed="5" covered="1"/><counter type="LINE" missed="9" covered="3"/><counter type="COMPLEXITY" missed="3" covered="2"/><counter type="METHOD" missed="0" covered="2"/><counter type="CLASS" missed="0" covered="1"/></class><class name="Ejecutar/VentanaPrincipal$3" sourcefilename="VentanaPrincipal.java"><method name="&lt;init&gt;" desc="(LEjecutar/VentanaPrincipal;)V" line="272"><counter type="INSTRUCTION" missed="0" covered="6"/><counter type="LINE" missed="0" covered="1"/><counter type="COMPLEXITY" missed="0" covered="1"/><counter type="METHOD" missed="0" covered="1"/></method><method name="actionPerformed" desc="(Ljava/awt/event/ActionEvent;)V" line="274"><counter type="INSTRUCTION" missed="11" covered="25"/><counter type="BRANCH" missed="1" covered="1"/><counter type="LINE" missed="2" covered="5"/><counter type="COMPLEXITY" missed="1" covered="1"/><counter type="METHOD" missed="0" covered="1"/></method><counter type="INSTRUCTION" missed="11" covered="31"/><counter type="BRANCH" missed="1" covered="1"/><counter type="LINE" missed="2" covered="6"/><counter type="COMPLEXITY" missed="1" covered="2"/><counter type="METHOD" missed="0" covered="2"/><counter type="CLASS" missed="0" covered="1"/></class><class name="Ejecutar/VentanaPrincipal$2" sourcefilename="VentanaPrincipal.java"><method name="&lt;init&gt;" desc="(LEjecutar/VentanaPrincipal;)V" line="217"><counter type="INSTRUCTION" missed="0" covered="6"/><counter type="LINE" missed="0" covered="1"/><counter type="COMPLEXITY" missed="0" covered="1"/><counter type="METHOD" missed="0" covered="1"/></method><method name="valueChanged" desc="(Ljavax/swing/event/ListSelectionEvent;)V" line="219"><counter type="INSTRUCTION" missed="18" covered="0"/><counter type="BRANCH" missed="2" covered="0"/><counter type="LINE" missed="3" covered="0"/><counter type="COMPLEXITY" missed="2" covered="0"/><counter type="METHOD" missed="1" covered="0"/></method><counter type="INSTRUCTION" missed="18" covered="6"/><counter type="BRANCH" missed="2" covered="0"/><counter type="LINE" missed="3" covered="1"/><counter type="COMPLEXITY" missed="2" covered="1"/><counter type="METHOD" missed="1" covered="1"/><counter type="CLASS" missed="0" covered="1"/></class><class name="Ejecutar/VentanaPrincipal$1" sourcefilename="VentanaPrincipal.java"><method name="&lt;init&gt;" desc="(Ljava/util/logging/Logger;)V" line="80"><counter type="INSTRUCTION" missed="6" covered="0"/><counter type="LINE" missed="1" covered="0"/><counter type="COMPLEXITY" missed="1" covered="0"/><counter type="METHOD" missed="1" covered="0"/></method><method name="run" desc="()V" line="83"><counter type="INSTRUCTION" missed="15" covered="0"/><counter type="LINE" missed="6" covered="0"/><counter type="COMPLEXITY" missed="1" covered="0"/><counter type="METHOD" missed="1" covered="0"/></method><counter type="INSTRUCTION" missed="21" covered="0"/><counter type="LINE" missed="7" covered="0"/><counter type="COMPLEXITY" missed="2" covered="0"/><counter type="METHOD" missed="2" covered="0"/><counter type="CLASS" missed="1" covered="0"/></class><class name="Ejecutar/VentanaPrincipal$8" sourcefilename="VentanaPrincipal.java"><method name="&lt;init&gt;" desc="(LEjecutar/VentanaPrincipal;)V" line="785"><counter type="INSTRUCTION" missed="0" covered="6"/><counter type="LINE" missed="0" covered="1"/><counter type="COMPLEXITY" missed="0" covered="1"/><counter type="METHOD" missed="0" covered="1"/></method><method name="actionPerformed" desc="(Ljava/awt/event/ActionEvent;)V" line="787"><counter type="INSTRUCTION" missed="26" covered="0"/><counter type="LINE" missed="6" covered="0"/><counter type="COMPLEXITY" missed="1" covered="0"/><counter type="METHOD" missed="1" covered="0"/></method><counter type="INSTRUCTION" missed="26" covered="6"/><counter type="LINE" missed="6" covered="1"/><counter type="COMPLEXITY" missed="1" covered="1"/><counter type="METHOD" missed="1" covered="1"/><counter type="CLASS" missed="0" covered="1"/></class><class name="Ejecutar/VentanaPrincipal$7" sourcefilename="VentanaPrincipal.java"><method name="&lt;init&gt;" desc="(LEjecutar/VentanaPrincipal;)V" line="493"><counter type="INSTRUCTION" missed="0" covered="6"/><counter type="LINE" missed="0" covered="1"/><counter type="COMPLEXITY" missed="0" covered="1"/><counter type="METHOD" missed="0" covered="1"/></method><method name="actionPerformed" desc="(Ljava/awt/event/ActionEvent;)V" line="495"><counter type="INSTRUCTION" missed="22" covered="9"/><counter type="BRANCH" missed="1" covered="1"/><counter type="LINE" missed="5" covered="3"/><counter type="COMPLEXITY" missed="1" covered="1"/><counter type="METHOD" missed="0" covered="1"/></method><counter type="INSTRUCTION" missed="22" covered="15"/><counter type="BRANCH" missed="1" covered="1"/><counter type="LINE" missed="5" covered="4"/><counter type="COMPLEXITY" missed="1" covered="2"/><counter type="METHOD" missed="0" covered="2"/><counter type="CLASS" missed="0" covered="1"/></class><class name="Ejecutar/VentanaPrincipal$6" sourcefilename="VentanaPrincipal.java"><method name="&lt;init&gt;" desc="(LEjecutar/VentanaPrincipal;)V" line="437"><counter type="INSTRUCTION" missed="0" covered="6"/><counter type="LINE" missed="0" covered="1"/><counter type="COMPLEXITY" missed="0" covered="1"/><counter type="METHOD" missed="0" covered="1"/></method><method name="actionPerformed" desc="(Ljava/awt/event/ActionEvent;)V" line="439"><counter type="INSTRUCTION" missed="15" covered="9"/><counter type="BRANCH" missed="1" covered="1"/><counter type="LINE" missed="3" covered="3"/><counter type="COMPLEXITY" missed="1" covered="1"/><counter type="METHOD" missed="0" covered="1"/></method><counter type="INSTRUCTION" missed="15" covered="15"/><counter type="BRANCH" missed="1" covered="1"/><counter type="LINE" missed="3" covered="4"/><counter type="COMPLEXITY" missed="1" covered="2"/><counter type="METHOD" missed="0" covered="2"/><counter type="CLASS" missed="0" covered="1"/></class><class name="Ejecutar/VentanaPrincipal$5" sourcefilename="VentanaPrincipal.java"><method name="&lt;init&gt;" desc="(LEjecutar/VentanaPrincipal;)V" line="379"><counter type="INSTRUCTION" missed="0" covered="6"/><counter type="LINE" missed="0" covered="1"/><counter type="COMPLEXITY" missed="0" covered="1"/><counter type="METHOD" missed="0" covered="1"/></method><method name="actionPerformed" desc="(Ljava/awt/event/ActionEvent;)V" line="381"><counter type="INSTRUCTION" missed="38" covered="38"/><counter type="BRANCH" missed="9" covered="5"/><counter type="LINE" missed="5" covered="7"/><counter type="COMPLEXITY" missed="7" covered="1"/><counter type="METHOD" missed="0" covered="1"/></method><counter type="INSTRUCTION" missed="38" covered="44"/><counter type="BRANCH" missed="9" covered="5"/><counter type="LINE" missed="5" covered="8"/><counter type="COMPLEXITY" missed="7" covered="2"/><counter type="METHOD" missed="0" covered="2"/><counter type="CLASS" missed="0" covered="1"/></class><sourcefile name="VentanaPrincipal.java"><line nr="73" mi="0" ci="3" mb="0" cb="0"/><line nr="79" mi="4" ci="0" mb="0" cb="0"/><line nr="80" mi="11" ci="0" mb="0" cb="0"/><line nr="83" mi="4" ci="0" mb="0" cb="0"/><line nr="84" mi="3" ci="0" mb="0" cb="0"/><line nr="85" mi="1" ci="0" mb="0" cb="0"/><line nr="86" mi="5" ci="0" mb="0" cb="0"/><line nr="87" mi="1" ci="0" mb="0" cb="0"/><line nr="88" mi="1" ci="0" mb="0" cb="0"/><line nr="90" mi="1" ci="0" mb="0" cb="0"/><line nr="101" mi="0" ci="2" mb="0" cb="0"/><line nr="102" mi="0" ci="7" mb="0" cb="0"/><line nr="103" mi="0" ci="5" mb="0" cb="0"/><line nr="105" mi="0" ci="3" mb="0" cb="0"/><line nr="107" mi="0" ci="3" mb="0" cb="0"/><line nr="108" mi="0" ci="6" mb="0" cb="0"/><line nr="109" mi="0" ci="5" mb="0" cb="0"/><line nr="110" mi="0" ci="10" mb="0" cb="0"/><line nr="111" mi="0" ci="8" mb="0" cb="0"/><line nr="112" mi="0" ci="4" mb="0" cb="0"/><line nr="113" mi="0" ci="6" mb="0" cb="0"/><line nr="114" mi="0" ci="6" mb="0" cb="0"/><line nr="116" mi="0" ci="3" mb="0" cb="0"/><line nr="117" mi="0" ci="1" mb="0" cb="0"/><line nr="126" mi="0" ci="3" mb="1" cb="1"/><line nr="127" mi="0" ci="5" mb="0" cb="0"/><line nr="128" mi="0" ci="4" mb="0" cb="0"/><line nr="129" mi="0" ci="12" mb="0" cb="0"/><line nr="130" mi="0" ci="28" mb="0" cb="0"/><line nr="131" mi="0" ci="12" mb="0" cb="0"/><line nr="132" mi="0" ci="28" mb="0" cb="0"/><line nr="133" mi="0" ci="4" mb="0" cb="0"/><line nr="134" mi="0" ci="4" mb="0" cb="0"/><line nr="135" mi="0" ci="3" mb="0" cb="0"/><line nr="136" mi="0" ci="9" mb="0" cb="0"/><line nr="137" mi="0" ci="3" mb="0" cb="0"/><line nr="138" mi="0" ci="3" mb="0" cb="0"/><line nr="139" mi="0" ci="6" mb="0" cb="0"/><line nr="140" mi="0" ci="4" mb="0" cb="0"/><line nr="141" mi="0" ci="3" mb="0" cb="0"/><line nr="142" mi="0" ci="9" mb="0" cb="0"/><line nr="143" mi="0" ci="3" mb="0" cb="0"/><line nr="144" mi="0" ci="3" mb="0" cb="0"/><line nr="145" mi="0" ci="6" mb="0" cb="0"/><line nr="146" mi="0" ci="4" mb="0" cb="0"/><line nr="147" mi="0" ci="9" mb="0" cb="0"/><line nr="148" mi="0" ci="3" mb="0" cb="0"/><line nr="149" mi="0" ci="3" mb="0" cb="0"/><line nr="150" mi="0" ci="3" mb="0" cb="0"/><line nr="151" mi="0" ci="6" mb="0" cb="0"/><line nr="153" mi="0" ci="3" mb="0" cb="0"/><line nr="163" mi="0" ci="3" mb="1" cb="1"/><line nr="164" mi="0" ci="5" mb="0" cb="0"/><line nr="165" mi="0" ci="8" mb="0" cb="0"/><line nr="166" mi="0" ci="6" mb="0" cb="0"/><line nr="167" mi="0" ci="6" mb="0" cb="0"/><line nr="168" mi="0" ci="6" mb="0" cb="0"/><line nr="170" mi="0" ci="3" mb="0" cb="0"/><line nr="180" mi="0" ci="3" mb="1" cb="1"/><line nr="181" mi="0" ci="6" mb="0" cb="0"/><line nr="182" mi="0" ci="4" mb="0" cb="0"/><line nr="183" mi="0" ci="9" mb="0" cb="0"/><line nr="185" mi="0" ci="3" mb="0" cb="0"/><line nr="195" mi="0" ci="3" mb="1" cb="1"/><line nr="196" mi="0" ci="5" mb="0" cb="0"/><line nr="197" mi="0" ci="10" mb="0" cb="0"/><line nr="198" mi="0" ci="4" mb="0" cb="0"/><line nr="199" mi="0" ci="5" mb="0" cb="0"/><line nr="201" mi="0" ci="3" mb="0" cb="0"/><line nr="214" mi="0" ci="3" mb="1" cb="1"/><line nr="215" mi="0" ci="5" mb="0" cb="0"/><line nr="216" mi="0" ci="5" mb="0" cb="0"/><line nr="217" mi="0" ci="13" mb="0" cb="0"/><line nr="219" mi="5" ci="0" mb="2" cb="0"/><line nr="220" mi="12" ci="0" mb="0" cb="0"/><line nr="221" mi="1" ci="0" mb="0" cb="0"/><line nr="223" mi="0" ci="5" mb="0" cb="0"/><line nr="224" mi="0" ci="4" mb="0" cb="0"/><line nr="226" mi="0" ci="3" mb="0" cb="0"/><line nr="236" mi="0" ci="3" mb="1" cb="1"/><line nr="237" mi="0" ci="5" mb="0" cb="0"/><line nr="238" mi="0" ci="10" mb="0" cb="0"/><line nr="239" mi="0" ci="6" mb="0" cb="0"/><line nr="240" mi="0" ci="6" mb="0" cb="0"/><line nr="242" mi="0" ci="3" mb="0" cb="0"/><line nr="252" mi="0" ci="3" mb="1" cb="1"/><line nr="253" mi="0" ci="5" mb="0" cb="0"/><line nr="254" mi="0" ci="6" mb="0" cb="0"/><line nr="255" mi="0" ci="6" mb="0" cb="0"/><line nr="257" mi="0" ci="3" mb="0" cb="0"/><line nr="270" mi="0" ci="3" mb="1" cb="1"/><line nr="271" mi="0" ci="6" mb="0" cb="0"/><line nr="272" mi="0" ci="13" mb="0" cb="0"/><line nr="274" mi="0" ci="5" mb="0" cb="0"/><line nr="276" mi="0" ci="13" mb="0" cb="0"/><line nr="284" mi="0" ci="2" mb="1" cb="1"/><line nr="286" mi="0" ci="4" mb="0" cb="0"/><line nr="289" mi="5" ci="0" mb="0" cb="0"/><line nr="290" mi="6" ci="0" mb="0" cb="0"/><line nr="292" mi="0" ci="1" mb="0" cb="0"/><line nr="295" mi="0" ci="3" mb="0" cb="0"/><line nr="306" mi="0" ci="6" mb="0" cb="2"/><line nr="307" mi="0" ci="4" mb="0" cb="0"/><line nr="308" mi="0" ci="5" mb="0" cb="0"/><line nr="310" mi="0" ci="3" mb="0" cb="0"/><line nr="313" mi="0" ci="1" mb="0" cb="0"/><line nr="324" mi="0" ci="3" mb="1" cb="1"/><line nr="325" mi="0" ci="6" mb="0" cb="0"/><line nr="326" mi="0" ci="13" mb="0" cb="0"/><line nr="328" mi="0" ci="5" mb="1" cb="1"/><line nr="329" mi="6" ci="0" mb="0" cb="0"/><line nr="330" mi="5" ci="0" mb="2" cb="0"/><line nr="331" mi="5" ci="0" mb="0" cb="0"/><line nr="332" mi="4" ci="0" mb="0" cb="0"/><line nr="334" mi="8" ci="0" mb="2" cb="0"/><line nr="335" mi="5" ci="0" mb="0" cb="0"/><line nr="336" mi="4" ci="0" mb="0" cb="0"/><line nr="338" mi="8" ci="0" mb="0" cb="0"/><line nr="339" mi="12" ci="0" mb="0" cb="0"/><line nr="346" mi="0" ci="1" mb="0" cb="0"/><line nr="349" mi="0" ci="3" mb="0" cb="0"/><line nr="359" mi="0" ci="3" mb="1" cb="1"/><line nr="360" mi="0" ci="5" mb="0" cb="0"/><line nr="361" mi="0" ci="6" mb="0" cb="0"/><line nr="362" mi="0" ci="6" mb="0" cb="0"/><line nr="363" mi="0" ci="6" mb="0" cb="0"/><line nr="365" mi="0" ci="3" mb="0" cb="0"/><line nr="377" mi="0" ci="3" mb="1" cb="1"/><line nr="378" mi="0" ci="6" mb="0" cb="0"/><line nr="379" mi="0" ci="13" mb="0" cb="0"/><line nr="381" mi="0" ci="5" mb="1" cb="1"/><line nr="383" mi="0" ci="5" mb="0" cb="0"/><line nr="384" mi="0" ci="5" mb="0" cb="0"/><line nr="385" mi="0" ci="5" mb="0" cb="0"/><line nr="386" mi="0" ci="5" mb="0" cb="0"/><line nr="388" mi="0" ci="12" mb="4" cb="4"/><line nr="389" mi="11" ci="0" mb="0" cb="0"/><line nr="390" mi="13" ci="0" mb="4" cb="0"/><line nr="391" mi="5" ci="0" mb="0" cb="0"/><line nr="392" mi="6" ci="0" mb="0" cb="0"/><line nr="394" mi="3" ci="0" mb="0" cb="0"/><line nr="399" mi="0" ci="1" mb="0" cb="0"/><line nr="402" mi="0" ci="3" mb="0" cb="0"/><line nr="416" mi="2" ci="6" mb="0" cb="2"/><line nr="417" mi="0" ci="9" mb="1" cb="1"/><line nr="418" mi="0" ci="2" mb="0" cb="0"/><line nr="421" mi="0" ci="2" mb="0" cb="0"/><line nr="435" mi="0" ci="3" mb="1" cb="1"/><line nr="436" mi="0" ci="6" mb="0" cb="0"/><line nr="437" mi="0" ci="13" mb="0" cb="0"/><line nr="439" mi="0" ci="5" mb="1" cb="1"/><line nr="440" mi="10" ci="0" mb="0" cb="0"/><line nr="441" mi="4" ci="0" mb="0" cb="0"/><line nr="442" mi="1" ci="0" mb="0" cb="0"/><line nr="443" mi="0" ci="3" mb="0" cb="0"/><line nr="447" mi="0" ci="1" mb="0" cb="0"/><line nr="450" mi="0" ci="3" mb="0" cb="0"/><line nr="462" mi="0" ci="5" mb="0" cb="0"/><line nr="463" mi="0" ci="5" mb="0" cb="0"/><line nr="464" mi="0" ci="5" mb="0" cb="0"/><line nr="465" mi="0" ci="5" mb="0" cb="0"/><line nr="467" mi="0" ci="4" mb="0" cb="0"/><line nr="468" mi="0" ci="4" mb="0" cb="0"/><line nr="469" mi="0" ci="4" mb="0" cb="0"/><line nr="470" mi="0" ci="4" mb="0" cb="0"/><line nr="472" mi="0" ci="4" mb="0" cb="0"/><line nr="474" mi="0" ci="5" mb="0" cb="0"/><line nr="475" mi="0" ci="5" mb="0" cb="0"/><line nr="477" mi="0" ci="4" mb="0" cb="0"/><line nr="478" mi="0" ci="4" mb="0" cb="0"/><line nr="479" mi="0" ci="1" mb="0" cb="0"/><line nr="491" mi="0" ci="3" mb="1" cb="1"/><line nr="492" mi="0" ci="6" mb="0" cb="0"/><line nr="493" mi="0" ci="13" mb="0" cb="0"/><line nr="495" mi="0" ci="5" mb="1" cb="1"/><line nr="496" mi="6" ci="0" mb="0" cb="0"/><line nr="497" mi="6" ci="0" mb="0" cb="0"/><line nr="498" mi="6" ci="0" mb="0" cb="0"/><line nr="499" mi="3" ci="0" mb="0" cb="0"/><line nr="500" mi="1" ci="0" mb="0" cb="0"/><line nr="501" mi="0" ci="3" mb="0" cb="0"/><line nr="504" mi="0" ci="1" mb="0" cb="0"/><line nr="507" mi="0" ci="3" mb="0" cb="0"/><line nr="517" mi="0" ci="4" mb="0" cb="0"/><line nr="518" mi="0" ci="4" mb="0" cb="0"/><line nr="519" mi="0" ci="4" mb="0" cb="0"/><line nr="520" mi="0" ci="4" mb="0" cb="0"/><line nr="521" mi="0" ci="4" mb="0" cb="0"/><line nr="522" mi="0" ci="4" mb="0" cb="0"/><line nr="523" mi="0" ci="1" mb="0" cb="0"/><line nr="532" mi="0" ci="3" mb="1" cb="1"/><line nr="533" mi="0" ci="6" mb="0" cb="0"/><line nr="534" mi="0" ci="4" mb="0" cb="0"/><line nr="535" mi="0" ci="9" mb="0" cb="0"/><line nr="537" mi="0" ci="3" mb="0" cb="0"/><line nr="547" mi="0" ci="3" mb="1" cb="1"/><line nr="548" mi="0" ci="5" mb="0" cb="0"/><line nr="549" mi="0" ci="4" mb="0" cb="0"/><line nr="550" mi="0" ci="4" mb="0" cb="0"/><line nr="551" mi="0" ci="16" mb="0" cb="0"/><line nr="552" mi="0" ci="28" mb="0" cb="0"/><line nr="553" mi="0" ci="16" mb="0" cb="0"/><line nr="554" mi="0" ci="28" mb="0" cb="0"/><line nr="555" mi="0" ci="4" mb="0" cb="0"/><line nr="556" mi="0" ci="4" mb="0" cb="0"/><line nr="557" mi="0" ci="3" mb="0" cb="0"/><line nr="558" mi="0" ci="9" mb="0" cb="0"/><line nr="559" mi="0" ci="3" mb="0" cb="0"/><line nr="560" mi="0" ci="3" mb="0" cb="0"/><line nr="561" mi="0" ci="6" mb="0" cb="0"/><line nr="562" mi="0" ci="4" mb="0" cb="0"/><line nr="563" mi="0" ci="3" mb="0" cb="0"/><line nr="564" mi="0" ci="9" mb="0" cb="0"/><line nr="565" mi="0" ci="3" mb="0" cb="0"/><line nr="566" mi="0" ci="3" mb="0" cb="0"/><line nr="567" mi="0" ci="6" mb="0" cb="0"/><line nr="568" mi="0" ci="4" mb="0" cb="0"/><line nr="569" mi="0" ci="3" mb="0" cb="0"/><line nr="570" mi="0" ci="9" mb="0" cb="0"/><line nr="571" mi="0" ci="3" mb="0" cb="0"/><line nr="572" mi="0" ci="3" mb="0" cb="0"/><line nr="573" mi="0" ci="6" mb="0" cb="0"/><line nr="574" mi="0" ci="4" mb="0" cb="0"/><line nr="575" mi="0" ci="3" mb="0" cb="0"/><line nr="576" mi="0" ci="9" mb="0" cb="0"/><line nr="577" mi="0" ci="3" mb="0" cb="0"/><line nr="578" mi="0" ci="3" mb="0" cb="0"/><line nr="579" mi="0" ci="6" mb="0" cb="0"/><line nr="580" mi="0" ci="4" mb="0" cb="0"/><line nr="581" mi="0" ci="3" mb="0" cb="0"/><line nr="582" mi="0" ci="9" mb="0" cb="0"/><line nr="583" mi="0" ci="3" mb="0" cb="0"/><line nr="584" mi="0" ci="3" mb="0" cb="0"/><line nr="585" mi="0" ci="6" mb="0" cb="0"/><line nr="586" mi="0" ci="4" mb="0" cb="0"/><line nr="587" mi="0" ci="3" mb="0" cb="0"/><line nr="588" mi="0" ci="9" mb="0" cb="0"/><line nr="589" mi="0" ci="3" mb="0" cb="0"/><line nr="590" mi="0" ci="3" mb="0" cb="0"/><line nr="591" mi="0" ci="6" mb="0" cb="0"/><line nr="592" mi="0" ci="4" mb="0" cb="0"/><line nr="593" mi="0" ci="3" mb="0" cb="0"/><line nr="594" mi="0" ci="9" mb="0" cb="0"/><line nr="595" mi="0" ci="3" mb="0" cb="0"/><line nr="596" mi="0" ci="3" mb="0" cb="0"/><line nr="597" mi="0" ci="6" mb="0" cb="0"/><line nr="598" mi="0" ci="4" mb="0" cb="0"/><line nr="599" mi="0" ci="3" mb="0" cb="0"/><line nr="600" mi="0" ci="9" mb="0" cb="0"/><line nr="601" mi="0" ci="3" mb="0" cb="0"/><line nr="602" mi="0" ci="3" mb="0" cb="0"/><line nr="603" mi="0" ci="6" mb="0" cb="0"/><line nr="604" mi="0" ci="4" mb="0" cb="0"/><line nr="605" mi="0" ci="3" mb="0" cb="0"/><line nr="606" mi="0" ci="9" mb="0" cb="0"/><line nr="607" mi="0" ci="3" mb="0" cb="0"/><line nr="608" mi="0" ci="3" mb="0" cb="0"/><line nr="609" mi="0" ci="6" mb="0" cb="0"/><line nr="610" mi="0" ci="4" mb="0" cb="0"/><line nr="611" mi="0" ci="3" mb="0" cb="0"/><line nr="612" mi="0" ci="3" mb="0" cb="0"/><line nr="613" mi="0" ci="3" mb="0" cb="0"/><line nr="614" mi="0" ci="6" mb="0" cb="0"/><line nr="616" mi="0" ci="3" mb="0" cb="0"/><line nr="626" mi="0" ci="3" mb="1" cb="1"/><line nr="627" mi="0" ci="5" mb="0" cb="0"/><line nr="628" mi="0" ci="4" mb="0" cb="0"/><line nr="629" mi="0" ci="24" mb="0" cb="0"/><line nr="630" mi="0" ci="12" mb="0" cb="0"/><line nr="631" mi="0" ci="24" mb="0" cb="0"/><line nr="632" mi="0" ci="12" mb="0" cb="0"/><line nr="633" mi="0" ci="4" mb="0" cb="0"/><line nr="634" mi="0" ci="4" mb="0" cb="0"/><line nr="635" mi="0" ci="9" mb="0" cb="0"/><line nr="636" mi="0" ci="3" mb="0" cb="0"/><line nr="637" mi="0" ci="3" mb="0" cb="0"/><line nr="638" mi="0" ci="6" mb="0" cb="0"/><line nr="639" mi="0" ci="4" mb="0" cb="0"/><line nr="640" mi="0" ci="3" mb="0" cb="0"/><line nr="641" mi="0" ci="9" mb="0" cb="0"/><line nr="642" mi="0" ci="3" mb="0" cb="0"/><line nr="643" mi="0" ci="3" mb="0" cb="0"/><line nr="644" mi="0" ci="6" mb="0" cb="0"/><line nr="645" mi="0" ci="4" mb="0" cb="0"/><line nr="646" mi="0" ci="9" mb="0" cb="0"/><line nr="647" mi="0" ci="3" mb="0" cb="0"/><line nr="648" mi="0" ci="3" mb="0" cb="0"/><line nr="649" mi="0" ci="6" mb="0" cb="0"/><line nr="650" mi="0" ci="4" mb="0" cb="0"/><line nr="651" mi="0" ci="3" mb="0" cb="0"/><line nr="652" mi="0" ci="3" mb="0" cb="0"/><line nr="653" mi="0" ci="3" mb="0" cb="0"/><line nr="654" mi="0" ci="6" mb="0" cb="0"/><line nr="656" mi="0" ci="3" mb="0" cb="0"/><line nr="666" mi="0" ci="3" mb="1" cb="1"/><line nr="667" mi="0" ci="6" mb="0" cb="0"/><line nr="668" mi="0" ci="4" mb="0" cb="0"/><line nr="669" mi="0" ci="9" mb="0" cb="0"/><line nr="671" mi="0" ci="3" mb="0" cb="0"/><line nr="681" mi="0" ci="3" mb="0" cb="2"/><line nr="682" mi="0" ci="5" mb="0" cb="0"/><line nr="683" mi="0" ci="4" mb="0" cb="0"/><line nr="685" mi="0" ci="3" mb="0" cb="0"/><line nr="695" mi="0" ci="3" mb="1" cb="1"/><line nr="696" mi="0" ci="6" mb="0" cb="0"/><line nr="697" mi="0" ci="4" mb="0" cb="0"/><line nr="698" mi="0" ci="9" mb="0" cb="0"/><line nr="700" mi="0" ci="3" mb="0" cb="0"/><line nr="710" mi="0" ci="3" mb="0" cb="2"/><line nr="711" mi="0" ci="5" mb="0" cb="0"/><line nr="712" mi="0" ci="9" mb="0" cb="0"/><line nr="713" mi="0" ci="4" mb="0" cb="0"/><line nr="715" mi="0" ci="3" mb="0" cb="0"/><line nr="725" mi="0" ci="3" mb="1" cb="1"/><line nr="726" mi="0" ci="6" mb="0" cb="0"/><line nr="727" mi="0" ci="4" mb="0" cb="0"/><line nr="728" mi="0" ci="9" mb="0" cb="0"/><line nr="730" mi="0" ci="3" mb="0" cb="0"/><line nr="740" mi="0" ci="3" mb="0" cb="2"/><line nr="741" mi="0" ci="5" mb="0" cb="0"/><line nr="742" mi="0" ci="4" mb="0" cb="0"/><line nr="744" mi="0" ci="3" mb="0" cb="0"/><line nr="754" mi="0" ci="3" mb="1" cb="1"/><line nr="755" mi="0" ci="6" mb="0" cb="0"/><line nr="756" mi="0" ci="4" mb="0" cb="0"/><line nr="757" mi="0" ci="9" mb="0" cb="0"/><line nr="759" mi="0" ci="3" mb="0" cb="0"/><line nr="769" mi="0" ci="3" mb="0" cb="2"/><line nr="770" mi="0" ci="5" mb="0" cb="0"/><line nr="771" mi="0" ci="4" mb="0" cb="0"/><line nr="773" mi="0" ci="3" mb="0" cb="0"/><line nr="783" mi="0" ci="3" mb="0" cb="2"/><line nr="784" mi="0" ci="6" mb="0" cb="0"/><line nr="785" mi="0" ci="13" mb="0" cb="0"/><line nr="787" mi="5" ci="0" mb="0" cb="0"/><line nr="788" mi="5" ci="0" mb="0" cb="0"/><line nr="789" mi="5" ci="0" mb="0" cb="0"/><line nr="790" mi="5" ci="0" mb="0" cb="0"/><line nr="791" mi="5" ci="0" mb="0" cb="0"/><line nr="792" mi="1" ci="0" mb="0" cb="0"/><line nr="794" mi="0" ci="4" mb="0" cb="0"/><line nr="795" mi="0" ci="4" mb="0" cb="0"/><line nr="797" mi="0" ci="3" mb="0" cb="0"/><line nr="807" mi="0" ci="3" mb="1" cb="1"/><line nr="808" mi="0" ci="5" mb="0" cb="0"/><line nr="809" mi="0" ci="4" mb="0" cb="0"/><line nr="811" mi="0" ci="3" mb="0" cb="0"/><line nr="821" mi="0" ci="3" mb="1" cb="1"/><line nr="822" mi="0" ci="6" mb="0" cb="0"/><line nr="823" mi="0" ci="4" mb="0" cb="0"/><line nr="824" mi="0" ci="9" mb="0" cb="0"/><line nr="826" mi="0" ci="3" mb="0" cb="0"/><line nr="836" mi="0" ci="3" mb="0" cb="2"/><line nr="837" mi="0" ci="5" mb="0" cb="0"/><line nr="838" mi="0" ci="4" mb="0" cb="0"/><line nr="839" mi="0" ci="4" mb="0" cb="0"/><line nr="840" mi="0" ci="4" mb="0" cb="0"/><line nr="842" mi="0" ci="3" mb="0" cb="0"/><line nr="852" mi="0" ci="3" mb="1" cb="1"/><line nr="853" mi="0" ci="6" mb="0" cb="0"/><line nr="854" mi="0" ci="4" mb="0" cb="0"/><line nr="855" mi="0" ci="9" mb="0" cb="0"/><line nr="857" mi="0" ci="3" mb="0" cb="0"/><line nr="867" mi="0" ci="3" mb="0" cb="2"/><line nr="868" mi="0" ci="5" mb="0" cb="0"/><line nr="869" mi="0" ci="4" mb="0" cb="0"/><line nr="870" mi="0" ci="4" mb="0" cb="0"/><line nr="871" mi="0" ci="4" mb="0" cb="0"/><line nr="873" mi="0" ci="3" mb="0" cb="0"/><line nr="883" mi="0" ci="2" mb="0" cb="0"/><counter type="INSTRUCTION" missed="220" covered="1714"/><counter type="BRANCH" missed="43" covered="51"/><counter type="LINE" missed="42" covered="328"/><counter type="COMPLEXITY" missed="43" covered="57"/><counter type="METHOD" missed="5" covered="48"/><counter type="CLASS" missed="1" covered="8"/></sourcefile><counter type="INSTRUCTION" missed="220" covered="1714"/><counter type="BRANCH" missed="43" covered="51"/><counter type="LINE" missed="42" covered="328"/><counter type="COMPLEXITY" missed="43" covered="57"/><counter type="METHOD" missed="5" covered="48"/><counter type="CLASS" missed="1" covered="8"/></package><counter type="INSTRUCTION" missed="227" covered="2127"/><counter type="BRANCH" missed="47" covered="81"/><counter type="LINE" missed="44" covered="419"/><counter type="COMPLEXITY" missed="47" covered="93"/><counter type="METHOD" missed="5" covered="71"/><counter type="CLASS" missed="1" covered="11"/></report>