<?xml version="1.0" encoding="UTF-8"?>
<testsuite xmlns:xsi="http://www.w3.org/2001/XMLSchema-instance" xsi:noNamespaceSchemaLocation="https://maven.apache.org/surefire/maven-surefire-plugin/xsd/surefire-test-report.xsd" name="Objetos.VentanaPrincipalTest" time="0.787" tests="5" errors="0" skipped="0" failures="0">
  <properties>
[...]
</properties>
  <testcase name="test_recuperarObjeto" classname="Objetos.VentanaPrincipalTest" time="0.76"/>
  <testcase name="test_doesItContain" classname="Objetos.VentanaPrincipalTest" time="0.008"/>
  <testcase name="test_actualizarValores" classname="Objetos.VentanaPrincipalTest" time="0.001"/>
  <testcase name="test_CreacionVentana" classname="Objetos.VentanaPrincipalTest" time="0"/>
  <testcase name="test_vaciarCampos" classname="Objetos.VentanaPrincipalTest" time="0.016"/>
</testsuite>